[debug] [2026-03-20T09:25:41.739Z] ----------------------------------------------------------------------
[debug] [2026-03-20T09:25:41.744Z] Command:       C:\Program Files\nodejs\node.exe C:\Users\hiebf\AppData\Roaming\npm\node_modules\firebase-tools\lib\bin\firebase.js deploy --only functions:translateTextCallable
[debug] [2026-03-20T09:25:41.749Z] CLI Version:   14.20.0
[debug] [2026-03-20T09:25:41.749Z] Platform:      win32
[debug] [2026-03-20T09:25:41.750Z] Node Version:  v22.14.0
[debug] [2026-03-20T09:25:41.751Z] Time:          Fri Mar 20 2026 05:25:41 GMT-0400 (Eastern Daylight Time)
[debug] [2026-03-20T09:25:41.751Z] ----------------------------------------------------------------------
[debug] 
[debug] [2026-03-20T09:25:42.178Z] Object "/emulators/functions" in "firebase.json" has unknown property: {"additionalProperty":"source"}
[debug] [2026-03-20T09:25:42.189Z] > command requires scopes: ["email","openid","https://www.googleapis.com/auth/cloudplatformprojects.readonly","https://www.googleapis.com/auth/firebase","https://www.googleapis.com/auth/cloud-platform"]
[debug] [2026-03-20T09:25:42.190Z] > authorizing via signed-in user (fritz@bonitabikes.com)
[debug] [2026-03-20T09:25:42.190Z] [iam] checking project warpspeed-bonitabikes for permissions ["cloudfunctions.functions.create","cloudfunctions.functions.delete","cloudfunctions.functions.get","cloudfunctions.functions.list","cloudfunctions.functions.update","cloudfunctions.operations.get","firebase.projects.get"]
[debug] [2026-03-20T09:25:42.192Z] Checked if tokens are valid: true, expires at: 1773999703615
[debug] [2026-03-20T09:25:42.192Z] Checked if tokens are valid: true, expires at: 1773999703615
[debug] [2026-03-20T09:25:42.194Z] >>> [apiv2][query] POST https://cloudresourcemanager.googleapis.com/v1/projects/warpspeed-bonitabikes:testIamPermissions [none]
[debug] [2026-03-20T09:25:42.194Z] >>> [apiv2][(partial)header] POST https://cloudresourcemanager.googleapis.com/v1/projects/warpspeed-bonitabikes:testIamPermissions x-goog-quota-user=projects/warpspeed-bonitabikes
[debug] [2026-03-20T09:25:42.194Z] >>> [apiv2][body] POST https://cloudresourcemanager.googleapis.com/v1/projects/warpspeed-bonitabikes:testIamPermissions {"permissions":["cloudfunctions.functions.create","cloudfunctions.functions.delete","cloudfunctions.functions.get","cloudfunctions.functions.list","cloudfunctions.functions.update","cloudfunctions.operations.get","firebase.projects.get"]}
[debug] [2026-03-20T09:25:42.679Z] <<< [apiv2][status] POST https://cloudresourcemanager.googleapis.com/v1/projects/warpspeed-bonitabikes:testIamPermissions 200
[debug] [2026-03-20T09:25:42.679Z] <<< [apiv2][body] POST https://cloudresourcemanager.googleapis.com/v1/projects/warpspeed-bonitabikes:testIamPermissions {"permissions":["cloudfunctions.functions.create","cloudfunctions.functions.delete","cloudfunctions.functions.get","cloudfunctions.functions.list","cloudfunctions.functions.update","cloudfunctions.operations.get","firebase.projects.get"]}
[debug] [2026-03-20T09:25:42.680Z] Checked if tokens are valid: true, expires at: 1773999703615
[debug] [2026-03-20T09:25:42.680Z] Checked if tokens are valid: true, expires at: 1773999703615
[debug] [2026-03-20T09:25:42.680Z] >>> [apiv2][query] POST https://iam.googleapis.com/v1/projects/warpspeed-bonitabikes/serviceAccounts/warpspeed-bonitabikes@appspot.gserviceaccount.com:testIamPermissions [none]
[debug] [2026-03-20T09:25:42.680Z] >>> [apiv2][body] POST https://iam.googleapis.com/v1/projects/warpspeed-bonitabikes/serviceAccounts/warpspeed-bonitabikes@appspot.gserviceaccount.com:testIamPermissions {"permissions":["iam.serviceAccounts.actAs"]}
[debug] [2026-03-20T09:25:43.193Z] <<< [apiv2][status] POST https://iam.googleapis.com/v1/projects/warpspeed-bonitabikes/serviceAccounts/warpspeed-bonitabikes@appspot.gserviceaccount.com:testIamPermissions 200
[debug] [2026-03-20T09:25:43.193Z] <<< [apiv2][body] POST https://iam.googleapis.com/v1/projects/warpspeed-bonitabikes/serviceAccounts/warpspeed-bonitabikes@appspot.gserviceaccount.com:testIamPermissions {"permissions":["iam.serviceAccounts.actAs"]}
[info] 
[info] === Deploying to 'warpspeed-bonitabikes'...
[info] 
[info] i  deploying functions 
[debug] [2026-03-20T09:25:43.198Z] Checked if tokens are valid: true, expires at: 1773999703615
[debug] [2026-03-20T09:25:43.198Z] Checked if tokens are valid: true, expires at: 1773999703615
[debug] [2026-03-20T09:25:43.199Z] >>> [apiv2][query] GET https://cloudresourcemanager.googleapis.com/v1/projects/warpspeed-bonitabikes [none]
[debug] [2026-03-20T09:25:43.335Z] <<< [apiv2][status] GET https://cloudresourcemanager.googleapis.com/v1/projects/warpspeed-bonitabikes 200
[debug] [2026-03-20T09:25:43.336Z] <<< [apiv2][body] GET https://cloudresourcemanager.googleapis.com/v1/projects/warpspeed-bonitabikes {"projectNumber":"357992532514","projectId":"warpspeed-bonitabikes","lifecycleState":"ACTIVE","name":"Warpspeed","labels":{"firebase":"enabled","firebase-core":"disabled"},"createTime":"2025-05-24T12:38:10.643295Z","parent":{"type":"organization","id":"1093192082437"}}
[info] i  functions: preparing codebase default for deployment 
[info] i  functions: ensuring required API cloudfunctions.googleapis.com is enabled... 
[info] i  functions: ensuring required API cloudbuild.googleapis.com is enabled... 
[info] i  artifactregistry: ensuring required API artifactregistry.googleapis.com is enabled... 
[debug] [2026-03-20T09:25:43.339Z] Checked if tokens are valid: true, expires at: 1773999703615
[debug] [2026-03-20T09:25:43.339Z] Checked if tokens are valid: true, expires at: 1773999703615
[debug] [2026-03-20T09:25:43.339Z] >>> [apiv2][query] GET https://firebase.googleapis.com/v1beta1/projects/warpspeed-bonitabikes/adminSdkConfig [none]
[debug] [2026-03-20T09:25:43.915Z] <<< [apiv2][status] GET https://firebase.googleapis.com/v1beta1/projects/warpspeed-bonitabikes/adminSdkConfig 200
[debug] [2026-03-20T09:25:43.915Z] <<< [apiv2][body] GET https://firebase.googleapis.com/v1beta1/projects/warpspeed-bonitabikes/adminSdkConfig {"projectId":"warpspeed-bonitabikes","databaseURL":"https://warpspeed-bonitabikes-default-rtdb.firebaseio.com","storageBucket":"warpspeed-bonitabikes.firebasestorage.app"}
[debug] [2026-03-20T09:25:43.916Z] Checked if tokens are valid: true, expires at: 1773999703615
[debug] [2026-03-20T09:25:43.916Z] Checked if tokens are valid: true, expires at: 1773999703615
[debug] [2026-03-20T09:25:43.916Z] >>> [apiv2][query] GET https://runtimeconfig.googleapis.com/v1beta1/projects/warpspeed-bonitabikes/configs [none]
[debug] [2026-03-20T09:25:44.413Z] <<< [apiv2][status] GET https://runtimeconfig.googleapis.com/v1beta1/projects/warpspeed-bonitabikes/configs 200
[debug] [2026-03-20T09:25:44.413Z] <<< [apiv2][body] GET https://runtimeconfig.googleapis.com/v1beta1/projects/warpspeed-bonitabikes/configs {}
[debug] [2026-03-20T09:25:44.415Z] Validating nodejs source
[warn] !  functions: package.json indicates an outdated version of firebase-functions. Please upgrade using npm install --save firebase-functions@latest in your functions directory. 
[warn] !  functions: Please note that there will be breaking changes when you upgrade. 
[debug] [2026-03-20T09:25:45.777Z] > [functions] package.json contents: {
  "name": "functions",
  "description": "Cloud Functions for Firebase",
  "scripts": {
    "serve": "firebase emulators:start --only functions",
    "shell": "firebase functions:shell",
    "start": "npm run shell",
    "deploy": "firebase deploy --only functions",
    "logs": "firebase functions:log"
  },
  "engines": {
    "node": "22"
  },
  "main": "firebase-index.js",
  "dependencies": {
    "@google-cloud/translate": "^9.3.0",
    "@vonage/server-sdk": "^3.21.0",
    "basic-ftp": "^5.0.5",
    "dotenv": "^16.5.0",
    "firebase-admin": "^12.6.0",
    "firebase-functions": "^6.0.1",
    "node-fetch": "^2.7.0",
    "nodemailer": "^8.0.3",
    "stripe": "^18.0.0",
    "twilio": "^5.6.1"
  },
  "devDependencies": {
    "firebase-functions-test": "^3.4.1"
  },
  "type": "commonjs",
  "private": true
}
[debug] [2026-03-20T09:25:45.777Z] Building nodejs source
[info] i  functions: Loading and analyzing source code for codebase default to determine what to deploy 
[debug] [2026-03-20T09:25:45.780Z] Could not find functions.yaml. Must use http discovery
[debug] [2026-03-20T09:25:45.793Z] Found firebase-functions binary at 'C:\Users\hiebf\OneDrive\Desktop\warpspeed\functions\node_modules\.bin\firebase-functions'
[info] Serving at port 8480

[debug] [2026-03-20T09:25:46.960Z] Got response from /__/functions.yaml {"endpoints":{"getAvailableStripeReaders":{"availableMemoryMb":null,"timeoutSeconds":null,"minInstances":null,"maxInstances":null,"ingressSettings":null,"concurrency":null,"serviceAccountEmail":null,"vpc":null,"platform":"gcfv2","secretEnvironmentVariables":[{"key":"stripeSecretKey"}],"labels":{},"httpsTrigger":{},"entryPoint":"getAvailableStripeReaders"},"initiateRefund":{"availableMemoryMb":null,"timeoutSeconds":null,"minInstances":null,"maxInstances":null,"ingressSettings":null,"concurrency":null,"serviceAccountEmail":null,"vpc":null,"platform":"gcfv2","secretEnvironmentVariables":[{"key":"stripeSecretKey"}],"labels":{},"httpsTrigger":{},"entryPoint":"initiateRefund"},"initiatePaymentIntent":{"availableMemoryMb":null,"timeoutSeconds":null,"minInstances":null,"maxInstances":null,"ingressSettings":null,"concurrency":null,"serviceAccountEmail":null,"vpc":null,"platform":"gcfv2","secretEnvironmentVariables":[{"key":"stripeSecretKey"}],"labels":{},"httpsTrigger":{},"entryPoint":"initiatePaymentIntent"},"stripeEventWebhook":{"availableMemoryMb":null,"timeoutSeconds":null,"minInstances":null,"maxInstances":null,"ingressSettings":null,"concurrency":null,"serviceAccountEmail":null,"vpc":null,"platform":"gcfv2","secretEnvironmentVariables":[{"key":"stripeSecretKey"}],"labels":{},"httpsTrigger":{},"entryPoint":"stripeEventWebhook"},"cancelServerDrivenStripePayment":{"availableMemoryMb":null,"timeoutSeconds":null,"minInstances":null,"maxInstances":null,"ingressSettings":null,"concurrency":null,"serviceAccountEmail":null,"vpc":null,"platform":"gcfv2","secretEnvironmentVariables":[{"key":"stripeSecretKey"}],"labels":{},"httpsTrigger":{},"entryPoint":"cancelServerDrivenStripePayment"},"sendSMSEnhanced":{"availableMemoryMb":null,"timeoutSeconds":null,"minInstances":null,"maxInstances":null,"ingressSettings":null,"concurrency":null,"serviceAccountEmail":null,"vpc":null,"platform":"gcfv2","secretEnvironmentVariables":[{"key":"twilioSecretKey"},{"key":"twilioSecretAccountNum"},{"key":"firebase-service-account-key"}],"labels":{},"callableTrigger":{},"entryPoint":"sendSMSEnhanced"},"incomingSMS":{"availableMemoryMb":null,"timeoutSeconds":null,"minInstances":null,"maxInstances":null,"ingressSettings":null,"concurrency":null,"serviceAccountEmail":null,"vpc":null,"platform":"gcfv2","secretEnvironmentVariables":[{"key":"firebase-service-account-key"}],"labels":{},"httpsTrigger":{},"entryPoint":"incomingSMS"},"incomingSMSEnhanced":{"availableMemoryMb":null,"timeoutSeconds":null,"minInstances":null,"maxInstances":null,"ingressSettings":null,"concurrency":null,"serviceAccountEmail":null,"vpc":null,"platform":"gcfv2","secretEnvironmentVariables":[{"key":"twilioSecretKey"},{"key":"twilioSecretAccountNum"},{"key":"firebase-service-account-key"}],"labels":{},"httpsTrigger":{},"entryPoint":"incomingSMSEnhanced"},"loginAppUser":{"availableMemoryMb":null,"timeoutSeconds":null,"minInstances":null,"maxInstances":null,"ingressSettings":null,"concurrency":null,"serviceAccountEmail":null,"vpc":null,"platform":"gcfv2","labels":{},"httpsTrigger":{},"entryPoint":"loginAppUser"},"createAppUser":{"availableMemoryMb":null,"timeoutSeconds":null,"minInstances":null,"maxInstances":null,"ingressSettings":null,"concurrency":null,"serviceAccountEmail":null,"vpc":null,"platform":"gcfv2","labels":{},"httpsTrigger":{},"entryPoint":"createAppUser"},"createStore":{"availableMemoryMb":null,"timeoutSeconds":null,"minInstances":null,"maxInstances":null,"ingressSettings":null,"concurrency":null,"serviceAccountEmail":null,"vpc":null,"platform":"gcfv2","labels":{},"httpsTrigger":{},"entryPoint":"createStore"},"createTenant":{"availableMemoryMb":null,"timeoutSeconds":null,"minInstances":null,"maxInstances":null,"ingressSettings":null,"concurrency":null,"serviceAccountEmail":null,"vpc":null,"platform":"gcfv2","labels":{},"httpsTrigger":{},"entryPoint":"createTenant"},"getAvailableStripeReadersCallable":{"availableMemoryMb":null,"timeoutSeconds":null,"minInstances":null,"maxInstances":null,"ingressSettings":null,"concurrency":null,"serviceAccountEmail":null,"vpc":null,"platform":"gcfv2","secretEnvironmentVariables":[{"key":"stripeSecretKey"}],"labels":{},"callableTrigger":{},"entryPoint":"getAvailableStripeReadersCallable"},"initiateRefundCallable":{"availableMemoryMb":null,"timeoutSeconds":null,"minInstances":null,"maxInstances":null,"ingressSettings":null,"concurrency":null,"serviceAccountEmail":null,"vpc":null,"platform":"gcfv2","secretEnvironmentVariables":[{"key":"stripeSecretKey"}],"labels":{},"callableTrigger":{},"entryPoint":"initiateRefundCallable"},"initiatePaymentIntentCallable":{"availableMemoryMb":null,"timeoutSeconds":null,"minInstances":null,"maxInstances":null,"ingressSettings":null,"concurrency":null,"serviceAccountEmail":null,"vpc":null,"platform":"gcfv2","secretEnvironmentVariables":[{"key":"stripeSecretKey"}],"labels":{},"callableTrigger":{},"entryPoint":"initiatePaymentIntentCallable"},"cancelServerDrivenStripePaymentCallable":{"availableMemoryMb":null,"timeoutSeconds":null,"minInstances":null,"maxInstances":null,"ingressSettings":null,"concurrency":null,"serviceAccountEmail":null,"vpc":null,"platform":"gcfv2","secretEnvironmentVariables":[{"key":"stripeSecretKey"}],"labels":{},"callableTrigger":{},"entryPoint":"cancelServerDrivenStripePaymentCallable"},"loginAppUserCallable":{"availableMemoryMb":null,"timeoutSeconds":null,"minInstances":null,"maxInstances":null,"ingressSettings":null,"concurrency":null,"serviceAccountEmail":null,"vpc":null,"platform":"gcfv2","secretEnvironmentVariables":[{"key":"firebase-service-account-key"}],"labels":{},"callableTrigger":{},"entryPoint":"loginAppUserCallable"},"createAppUserCallable":{"availableMemoryMb":null,"timeoutSeconds":null,"minInstances":null,"maxInstances":null,"ingressSettings":null,"concurrency":null,"serviceAccountEmail":null,"vpc":null,"platform":"gcfv2","secretEnvironmentVariables":[{"key":"firebase-service-account-key"}],"labels":{},"callableTrigger":{},"entryPoint":"createAppUserCallable"},"createStoreCallable":{"availableMemoryMb":null,"timeoutSeconds":null,"minInstances":null,"maxInstances":null,"ingressSettings":null,"concurrency":null,"serviceAccountEmail":null,"vpc":null,"platform":"gcfv2","secretEnvironmentVariables":[{"key":"firebase-service-account-key"}],"labels":{},"callableTrigger":{},"entryPoint":"createStoreCallable"},"createTenantCallable":{"availableMemoryMb":null,"timeoutSeconds":null,"minInstances":null,"maxInstances":null,"ingressSettings":null,"concurrency":null,"serviceAccountEmail":null,"vpc":null,"platform":"gcfv2","secretEnvironmentVariables":[{"key":"firebase-service-account-key"}],"labels":{},"callableTrigger":{},"entryPoint":"createTenantCallable"},"testCustomerPhoneWrite":{"availableMemoryMb":null,"timeoutSeconds":null,"minInstances":null,"maxInstances":null,"ingressSettings":null,"concurrency":null,"serviceAccountEmail":null,"vpc":null,"platform":"gcfv2","secretEnvironmentVariables":[{"key":"firebase-service-account-key"}],"labels":{},"callableTrigger":{},"entryPoint":"testCustomerPhoneWrite"},"testCustomerPhoneWriteHTTP":{"availableMemoryMb":null,"timeoutSeconds":null,"minInstances":null,"maxInstances":null,"ingressSettings":null,"concurrency":null,"serviceAccountEmail":null,"vpc":null,"platform":"gcfv2","secretEnvironmentVariables":[{"key":"firebase-service-account-key"}],"labels":{},"httpsTrigger":{},"entryPoint":"testCustomerPhoneWriteHTTP"},"newCheckoutGetAvailableReadersCallable":{"availableMemoryMb":null,"timeoutSeconds":null,"minInstances":null,"maxInstances":null,"ingressSettings":null,"concurrency":null,"serviceAccountEmail":null,"vpc":null,"platform":"gcfv2","secretEnvironmentVariables":[{"key":"stripeSecretKey"}],"labels":{},"callableTrigger":{},"entryPoint":"newCheckoutGetAvailableReadersCallable"},"newCheckoutInitiatePaymentIntentCallable":{"availableMemoryMb":null,"timeoutSeconds":null,"minInstances":null,"maxInstances":null,"ingressSettings":null,"concurrency":null,"serviceAccountEmail":null,"vpc":null,"platform":"gcfv2","secretEnvironmentVariables":[{"key":"stripeSecretKey"}],"labels":{},"callableTrigger":{},"entryPoint":"newCheckoutInitiatePaymentIntentCallable"},"newCheckoutProcessRefundCallable":{"availableMemoryMb":null,"timeoutSeconds":null,"minInstances":null,"maxInstances":null,"ingressSettings":null,"concurrency":null,"serviceAccountEmail":null,"vpc":null,"platform":"gcfv2","secretEnvironmentVariables":[{"key":"stripeSecretKey"}],"labels":{},"callableTrigger":{},"entryPoint":"newCheckoutProcessRefundCallable"},"newCheckoutCancelPaymentCallable":{"availableMemoryMb":null,"timeoutSeconds":null,"minInstances":null,"maxInstances":null,"ingressSettings":null,"concurrency":null,"serviceAccountEmail":null,"vpc":null,"platform":"gcfv2","secretEnvironmentVariables":[{"key":"stripeSecretKey"}],"labels":{},"callableTrigger":{},"entryPoint":"newCheckoutCancelPaymentCallable"},"lightspeedInitiateAuth":{"availableMemoryMb":null,"timeoutSeconds":null,"minInstances":null,"maxInstances":null,"ingressSettings":null,"concurrency":null,"serviceAccountEmail":null,"vpc":null,"platform":"gcfv2","secretEnvironmentVariables":[{"key":"LIGHTSPEED_CLIENT_ID"},{"key":"firebase-service-account-key"}],"labels":{},"callableTrigger":{},"entryPoint":"lightspeedInitiateAuth"},"lightspeedOAuthCallback":{"availableMemoryMb":null,"timeoutSeconds":null,"minInstances":null,"maxInstances":null,"ingressSettings":null,"concurrency":null,"serviceAccountEmail":null,"vpc":null,"platform":"gcfv2","secretEnvironmentVariables":[{"key":"LIGHTSPEED_CLIENT_ID"},{"key":"LIGHTSPEED_CLIENT_SECRET"},{"key":"firebase-service-account-key"}],"labels":{},"httpsTrigger":{},"entryPoint":"lightspeedOAuthCallback"},"lightspeedCheckConnection":{"availableMemoryMb":null,"timeoutSeconds":null,"minInstances":null,"maxInstances":null,"ingressSettings":null,"concurrency":null,"serviceAccountEmail":null,"vpc":null,"platform":"gcfv2","secretEnvironmentVariables":[{"key":"LIGHTSPEED_CLIENT_ID"},{"key":"LIGHTSPEED_CLIENT_SECRET"},{"key":"firebase-service-account-key"}],"labels":{},"callableTrigger":{},"entryPoint":"lightspeedCheckConnection"},"lightspeedImportData":{"availableMemoryMb":1024,"timeoutSeconds":540,"minInstances":null,"maxInstances":null,"ingressSettings":null,"concurrency":null,"serviceAccountEmail":null,"vpc":null,"platform":"gcfv2","secretEnvironmentVariables":[{"key":"LIGHTSPEED_CLIENT_ID"},{"key":"LIGHTSPEED_CLIENT_SECRET"},{"key":"firebase-service-account-key"}],"labels":{},"callableTrigger":{},"entryPoint":"lightspeedImportData"},"sendEmailCallable":{"availableMemoryMb":null,"timeoutSeconds":null,"minInstances":null,"maxInstances":null,"ingressSettings":null,"concurrency":null,"serviceAccountEmail":null,"vpc":null,"platform":"gcfv2","secretEnvironmentVariables":[{"key":"firebase-service-account-key"}],"labels":{},"callableTrigger":{},"entryPoint":"sendEmailCallable"},"uploadPDFAndSendSMSCallable":{"availableMemoryMb":null,"timeoutSeconds":null,"minInstances":null,"maxInstances":null,"ingressSettings":null,"concurrency":null,"serviceAccountEmail":null,"vpc":null,"platform":"gcfv2","secretEnvironmentVariables":[{"key":"twilioSecretKey"},{"key":"twilioSecretAccountNum"},{"key":"firebase-service-account-key"}],"labels":{},"callableTrigger":{},"entryPoint":"uploadPDFAndSendSMSCallable"},"translateTextCallable":{"availableMemoryMb":null,"timeoutSeconds":null,"minInstances":null,"maxInstances":null,"ingressSettings":null,"concurrency":null,"serviceAccountEmail":null,"vpc":null,"platform":"gcfv2","secretEnvironmentVariables":[{"key":"GOOGLE_TRANSLATE_API_KEY"}],"labels":{},"callableTrigger":{},"entryPoint":"translateTextCallable"}},"specVersion":"v1alpha1","requiredAPIs":[],"extensions":{},"params":[{"type":"secret","name":"stripeSecretKey"},{"type":"secret","name":"twilioSecretKey"},{"type":"secret","name":"twilioSecretAccountNum"},{"type":"secret","name":"firebase-service-account-key"},{"type":"secret","name":"LIGHTSPEED_CLIENT_ID"},{"type":"secret","name":"LIGHTSPEED_CLIENT_SECRET"},{"type":"secret","name":"GOOGLE_TRANSLATE_API_KEY"}]}
[info] i  extensions: ensuring required API firebaseextensions.googleapis.com is enabled... 
[debug] [2026-03-20T09:25:51.046Z] > command requires scopes: ["email","openid","https://www.googleapis.com/auth/cloudplatformprojects.readonly","https://www.googleapis.com/auth/firebase","https://www.googleapis.com/auth/cloud-platform"]
[debug] [2026-03-20T09:25:51.047Z] > authorizing via signed-in user (fritz@bonitabikes.com)
[debug] [2026-03-20T09:25:51.047Z] [iam] checking project warpspeed-bonitabikes for permissions ["firebase.projects.get","firebaseextensions.instances.list"]
[debug] [2026-03-20T09:25:51.047Z] Checked if tokens are valid: true, expires at: 1773999703615
[debug] [2026-03-20T09:25:51.047Z] Checked if tokens are valid: true, expires at: 1773999703615
[debug] [2026-03-20T09:25:51.047Z] >>> [apiv2][query] POST https://cloudresourcemanager.googleapis.com/v1/projects/warpspeed-bonitabikes:testIamPermissions [none]
[debug] [2026-03-20T09:25:51.047Z] >>> [apiv2][(partial)header] POST https://cloudresourcemanager.googleapis.com/v1/projects/warpspeed-bonitabikes:testIamPermissions x-goog-quota-user=projects/warpspeed-bonitabikes
[debug] [2026-03-20T09:25:51.047Z] >>> [apiv2][body] POST https://cloudresourcemanager.googleapis.com/v1/projects/warpspeed-bonitabikes:testIamPermissions {"permissions":["firebase.projects.get","firebaseextensions.instances.list"]}
[debug] [2026-03-20T09:25:51.419Z] <<< [apiv2][status] POST https://cloudresourcemanager.googleapis.com/v1/projects/warpspeed-bonitabikes:testIamPermissions 200
[debug] [2026-03-20T09:25:51.419Z] <<< [apiv2][body] POST https://cloudresourcemanager.googleapis.com/v1/projects/warpspeed-bonitabikes:testIamPermissions {"permissions":["firebase.projects.get","firebaseextensions.instances.list"]}
[debug] [2026-03-20T09:25:51.420Z] Checked if tokens are valid: true, expires at: 1773999703615
[debug] [2026-03-20T09:25:51.420Z] Checked if tokens are valid: true, expires at: 1773999703615
[debug] [2026-03-20T09:25:51.420Z] >>> [apiv2][query] GET https://firebaseextensions.googleapis.com/v1beta/projects/warpspeed-bonitabikes/instances pageSize=100&pageToken=
[debug] [2026-03-20T09:25:51.959Z] <<< [apiv2][status] GET https://firebaseextensions.googleapis.com/v1beta/projects/warpspeed-bonitabikes/instances 200
[debug] [2026-03-20T09:25:51.960Z] <<< [apiv2][body] GET https://firebaseextensions.googleapis.com/v1beta/projects/warpspeed-bonitabikes/instances {}
[debug] [2026-03-20T09:25:51.961Z] Checked if tokens are valid: true, expires at: 1773999703615
[debug] [2026-03-20T09:25:51.961Z] Checked if tokens are valid: true, expires at: 1773999703615
[debug] [2026-03-20T09:25:51.962Z] >>> [apiv2][query] GET https://secretmanager.googleapis.com/v1/projects/warpspeed-bonitabikes/secrets/stripeSecretKey [none]
[debug] [2026-03-20T09:25:52.361Z] <<< [apiv2][status] GET https://secretmanager.googleapis.com/v1/projects/warpspeed-bonitabikes/secrets/stripeSecretKey 200
[debug] [2026-03-20T09:25:52.361Z] <<< [apiv2][body] GET https://secretmanager.googleapis.com/v1/projects/warpspeed-bonitabikes/secrets/stripeSecretKey {"name":"projects/357992532514/secrets/stripeSecretKey","replication":{"automatic":{}},"createTime":"2025-07-30T13:09:40.633017Z","etag":"\"163b253cd89a4a\""}
[debug] [2026-03-20T09:25:52.362Z] Checked if tokens are valid: true, expires at: 1773999703615
[debug] [2026-03-20T09:25:52.362Z] Checked if tokens are valid: true, expires at: 1773999703615
[debug] [2026-03-20T09:25:52.363Z] >>> [apiv2][query] GET https://secretmanager.googleapis.com/v1/projects/warpspeed-bonitabikes/secrets/stripeSecretKey/versions/latest [none]
[debug] [2026-03-20T09:25:52.516Z] <<< [apiv2][status] GET https://secretmanager.googleapis.com/v1/projects/warpspeed-bonitabikes/secrets/stripeSecretKey/versions/latest 200
[debug] [2026-03-20T09:25:52.516Z] <<< [apiv2][body] GET https://secretmanager.googleapis.com/v1/projects/warpspeed-bonitabikes/secrets/stripeSecretKey/versions/latest {"name":"projects/357992532514/secrets/stripeSecretKey/versions/2","createTime":"2025-09-09T23:12:04.969038Z","state":"ENABLED","replicationStatus":{"automatic":{}},"etag":"\"163e666eb1624e\"","clientSpecifiedPayloadChecksum":true}
[debug] [2026-03-20T09:25:52.517Z] Checked if tokens are valid: true, expires at: 1773999703615
[debug] [2026-03-20T09:25:52.517Z] Checked if tokens are valid: true, expires at: 1773999703615
[debug] [2026-03-20T09:25:52.517Z] >>> [apiv2][query] GET https://secretmanager.googleapis.com/v1/projects/warpspeed-bonitabikes/secrets/twilioSecretKey [none]
[debug] [2026-03-20T09:25:52.651Z] <<< [apiv2][status] GET https://secretmanager.googleapis.com/v1/projects/warpspeed-bonitabikes/secrets/twilioSecretKey 200
[debug] [2026-03-20T09:25:52.652Z] <<< [apiv2][body] GET https://secretmanager.googleapis.com/v1/projects/warpspeed-bonitabikes/secrets/twilioSecretKey {"name":"projects/357992532514/secrets/twilioSecretKey","replication":{"automatic":{}},"createTime":"2025-07-30T14:48:38.661570Z","labels":{"firebase-managed":"functions"},"etag":"\"163b269eca97e2\""}
[debug] [2026-03-20T09:25:52.652Z] Checked if tokens are valid: true, expires at: 1773999703615
[debug] [2026-03-20T09:25:52.652Z] Checked if tokens are valid: true, expires at: 1773999703615
[debug] [2026-03-20T09:25:52.652Z] >>> [apiv2][query] GET https://secretmanager.googleapis.com/v1/projects/warpspeed-bonitabikes/secrets/twilioSecretKey/versions/latest [none]
[debug] [2026-03-20T09:25:52.787Z] <<< [apiv2][status] GET https://secretmanager.googleapis.com/v1/projects/warpspeed-bonitabikes/secrets/twilioSecretKey/versions/latest 200
[debug] [2026-03-20T09:25:52.787Z] <<< [apiv2][body] GET https://secretmanager.googleapis.com/v1/projects/warpspeed-bonitabikes/secrets/twilioSecretKey/versions/latest {"name":"projects/357992532514/secrets/twilioSecretKey/versions/2","createTime":"2025-08-25T14:23:30.892622Z","state":"ENABLED","replicationStatus":{"automatic":{}},"etag":"\"163d314cc45b4e\"","clientSpecifiedPayloadChecksum":true}
[debug] [2026-03-20T09:25:52.788Z] Checked if tokens are valid: true, expires at: 1773999703615
[debug] [2026-03-20T09:25:52.788Z] Checked if tokens are valid: true, expires at: 1773999703615
[debug] [2026-03-20T09:25:52.788Z] >>> [apiv2][query] GET https://secretmanager.googleapis.com/v1/projects/warpspeed-bonitabikes/secrets/twilioSecretAccountNum [none]
[debug] [2026-03-20T09:25:52.921Z] <<< [apiv2][status] GET https://secretmanager.googleapis.com/v1/projects/warpspeed-bonitabikes/secrets/twilioSecretAccountNum 200
[debug] [2026-03-20T09:25:52.922Z] <<< [apiv2][body] GET https://secretmanager.googleapis.com/v1/projects/warpspeed-bonitabikes/secrets/twilioSecretAccountNum {"name":"projects/357992532514/secrets/twilioSecretAccountNum","replication":{"automatic":{}},"createTime":"2025-07-30T14:48:45.728543Z","labels":{"firebase-managed":"functions"},"etag":"\"163b269f33c3ac\""}
[debug] [2026-03-20T09:25:52.922Z] Checked if tokens are valid: true, expires at: 1773999703615
[debug] [2026-03-20T09:25:52.922Z] Checked if tokens are valid: true, expires at: 1773999703615
[debug] [2026-03-20T09:25:52.922Z] >>> [apiv2][query] GET https://secretmanager.googleapis.com/v1/projects/warpspeed-bonitabikes/secrets/twilioSecretAccountNum/versions/latest [none]
[debug] [2026-03-20T09:25:53.043Z] <<< [apiv2][status] GET https://secretmanager.googleapis.com/v1/projects/warpspeed-bonitabikes/secrets/twilioSecretAccountNum/versions/latest 200
[debug] [2026-03-20T09:25:53.044Z] <<< [apiv2][body] GET https://secretmanager.googleapis.com/v1/projects/warpspeed-bonitabikes/secrets/twilioSecretAccountNum/versions/latest {"name":"projects/357992532514/secrets/twilioSecretAccountNum/versions/2","createTime":"2025-08-25T14:22:01.089956Z","state":"ENABLED","replicationStatus":{"automatic":{}},"etag":"\"163d31476a13a4\"","clientSpecifiedPayloadChecksum":true}
[debug] [2026-03-20T09:25:53.044Z] Checked if tokens are valid: true, expires at: 1773999703615
[debug] [2026-03-20T09:25:53.044Z] Checked if tokens are valid: true, expires at: 1773999703615
[debug] [2026-03-20T09:25:53.044Z] >>> [apiv2][query] GET https://secretmanager.googleapis.com/v1/projects/warpspeed-bonitabikes/secrets/firebase-service-account-key [none]
[debug] [2026-03-20T09:25:53.177Z] <<< [apiv2][status] GET https://secretmanager.googleapis.com/v1/projects/warpspeed-bonitabikes/secrets/firebase-service-account-key 200
[debug] [2026-03-20T09:25:53.177Z] <<< [apiv2][body] GET https://secretmanager.googleapis.com/v1/projects/warpspeed-bonitabikes/secrets/firebase-service-account-key {"name":"projects/357992532514/secrets/firebase-service-account-key","replication":{"automatic":{}},"createTime":"2025-10-16T23:43:15.837085Z","etag":"\"16414f2e5ad05c\""}
[debug] [2026-03-20T09:25:53.178Z] Checked if tokens are valid: true, expires at: 1773999703615
[debug] [2026-03-20T09:25:53.178Z] Checked if tokens are valid: true, expires at: 1773999703615
[debug] [2026-03-20T09:25:53.180Z] >>> [apiv2][query] GET https://secretmanager.googleapis.com/v1/projects/warpspeed-bonitabikes/secrets/firebase-service-account-key/versions/latest [none]
[debug] [2026-03-20T09:25:53.320Z] <<< [apiv2][status] GET https://secretmanager.googleapis.com/v1/projects/warpspeed-bonitabikes/secrets/firebase-service-account-key/versions/latest 200
[debug] [2026-03-20T09:25:53.321Z] <<< [apiv2][body] GET https://secretmanager.googleapis.com/v1/projects/warpspeed-bonitabikes/secrets/firebase-service-account-key/versions/latest {"name":"projects/357992532514/secrets/firebase-service-account-key/versions/1","createTime":"2025-10-16T23:43:16.774641Z","state":"ENABLED","replicationStatus":{"automatic":{}},"etag":"\"16414f2e63bef1\"","clientSpecifiedPayloadChecksum":true}
[debug] [2026-03-20T09:25:53.321Z] Checked if tokens are valid: true, expires at: 1773999703615
[debug] [2026-03-20T09:25:53.321Z] Checked if tokens are valid: true, expires at: 1773999703615
[debug] [2026-03-20T09:25:53.322Z] >>> [apiv2][query] GET https://secretmanager.googleapis.com/v1/projects/warpspeed-bonitabikes/secrets/LIGHTSPEED_CLIENT_ID [none]
[debug] [2026-03-20T09:25:53.457Z] <<< [apiv2][status] GET https://secretmanager.googleapis.com/v1/projects/warpspeed-bonitabikes/secrets/LIGHTSPEED_CLIENT_ID 200
[debug] [2026-03-20T09:25:53.457Z] <<< [apiv2][body] GET https://secretmanager.googleapis.com/v1/projects/warpspeed-bonitabikes/secrets/LIGHTSPEED_CLIENT_ID {"name":"projects/357992532514/secrets/LIGHTSPEED_CLIENT_ID","replication":{"automatic":{}},"createTime":"2026-03-17T16:19:07.604473Z","labels":{"firebase-managed":"functions"},"etag":"\"164d3ab1e19507\""}
[debug] [2026-03-20T09:25:53.458Z] Checked if tokens are valid: true, expires at: 1773999703615
[debug] [2026-03-20T09:25:53.458Z] Checked if tokens are valid: true, expires at: 1773999703615
[debug] [2026-03-20T09:25:53.459Z] >>> [apiv2][query] GET https://secretmanager.googleapis.com/v1/projects/warpspeed-bonitabikes/secrets/LIGHTSPEED_CLIENT_ID/versions/latest [none]
[debug] [2026-03-20T09:25:53.597Z] <<< [apiv2][status] GET https://secretmanager.googleapis.com/v1/projects/warpspeed-bonitabikes/secrets/LIGHTSPEED_CLIENT_ID/versions/latest 200
[debug] [2026-03-20T09:25:53.598Z] <<< [apiv2][body] GET https://secretmanager.googleapis.com/v1/projects/warpspeed-bonitabikes/secrets/LIGHTSPEED_CLIENT_ID/versions/latest {"name":"projects/357992532514/secrets/LIGHTSPEED_CLIENT_ID/versions/2","createTime":"2026-03-17T19:06:57.733858Z","state":"ENABLED","replicationStatus":{"automatic":{}},"etag":"\"164d3d0a14a8e2\""}
[debug] [2026-03-20T09:25:53.598Z] Checked if tokens are valid: true, expires at: 1773999703615
[debug] [2026-03-20T09:25:53.598Z] Checked if tokens are valid: true, expires at: 1773999703615
[debug] [2026-03-20T09:25:53.599Z] >>> [apiv2][query] GET https://secretmanager.googleapis.com/v1/projects/warpspeed-bonitabikes/secrets/LIGHTSPEED_CLIENT_SECRET [none]
[debug] [2026-03-20T09:25:53.732Z] <<< [apiv2][status] GET https://secretmanager.googleapis.com/v1/projects/warpspeed-bonitabikes/secrets/LIGHTSPEED_CLIENT_SECRET 200
[debug] [2026-03-20T09:25:53.733Z] <<< [apiv2][body] GET https://secretmanager.googleapis.com/v1/projects/warpspeed-bonitabikes/secrets/LIGHTSPEED_CLIENT_SECRET {"name":"projects/357992532514/secrets/LIGHTSPEED_CLIENT_SECRET","replication":{"automatic":{}},"createTime":"2026-03-17T16:19:27.038401Z","labels":{"firebase-managed":"functions"},"etag":"\"164d3ab308d514\""}
[debug] [2026-03-20T09:25:53.733Z] Checked if tokens are valid: true, expires at: 1773999703615
[debug] [2026-03-20T09:25:53.733Z] Checked if tokens are valid: true, expires at: 1773999703615
[debug] [2026-03-20T09:25:53.734Z] >>> [apiv2][query] GET https://secretmanager.googleapis.com/v1/projects/warpspeed-bonitabikes/secrets/LIGHTSPEED_CLIENT_SECRET/versions/latest [none]
[debug] [2026-03-20T09:25:53.855Z] <<< [apiv2][status] GET https://secretmanager.googleapis.com/v1/projects/warpspeed-bonitabikes/secrets/LIGHTSPEED_CLIENT_SECRET/versions/latest 200
[debug] [2026-03-20T09:25:53.855Z] <<< [apiv2][body] GET https://secretmanager.googleapis.com/v1/projects/warpspeed-bonitabikes/secrets/LIGHTSPEED_CLIENT_SECRET/versions/latest {"name":"projects/357992532514/secrets/LIGHTSPEED_CLIENT_SECRET/versions/3","createTime":"2026-03-17T19:09:08.509302Z","state":"ENABLED","replicationStatus":{"automatic":{}},"etag":"\"164d3d11e02276\""}
[debug] [2026-03-20T09:25:53.855Z] Checked if tokens are valid: true, expires at: 1773999703615
[debug] [2026-03-20T09:25:53.855Z] Checked if tokens are valid: true, expires at: 1773999703615
[debug] [2026-03-20T09:25:53.856Z] >>> [apiv2][query] GET https://secretmanager.googleapis.com/v1/projects/warpspeed-bonitabikes/secrets/GOOGLE_TRANSLATE_API_KEY [none]
[debug] [2026-03-20T09:25:53.967Z] <<< [apiv2][status] GET https://secretmanager.googleapis.com/v1/projects/warpspeed-bonitabikes/secrets/GOOGLE_TRANSLATE_API_KEY 404
[debug] [2026-03-20T09:25:53.967Z] <<< [apiv2][body] GET https://secretmanager.googleapis.com/v1/projects/warpspeed-bonitabikes/secrets/GOOGLE_TRANSLATE_API_KEY {"error":{"code":404,"message":"Secret [projects/357992532514/secrets/GOOGLE_TRANSLATE_API_KEY] not found.","status":"NOT_FOUND"}}
